
[2021-04-21 20:45:14] Traceback (most recent call last):
  File "lifespan_handler.pyx", line 129, in cefpython_py37.LifespanHandler_OnBeforeClose
  File "/media/feodoritiy/HDD/CODE/VS_C+/fti/Cursach/client/browser.py", line 97, in OnBeforeClose
    storage.connection_process.terminate()
AttributeError: 'NoneType' object has no attribute 'terminate'


[2021-04-21 20:51:04] Traceback (most recent call last):
  File "lifespan_handler.pyx", line 129, in cefpython_py37.LifespanHandler_OnBeforeClose
  File "/media/feodoritiy/HDD/SWAP/ФТИ/1курс/Программирование/Подъюбкин Курсач Флиртович/Коля Передриенко/client/browser.py", line 97, in OnBeforeClose
    storage.connection_process.terminate()
AttributeError: 'NoneType' object has no attribute 'terminate'


[2021-04-21 20:53:47] Traceback (most recent call last):
  File "lifespan_handler.pyx", line 129, in cefpython_py37.LifespanHandler_OnBeforeClose
  File "/media/feodoritiy/HDD/SWAP/ФТИ/1курс/Программирование/Подъюбкин Курсач Флиртович/Коля Передриенко/client/browser.py", line 97, in OnBeforeClose
    storage.connection_process.terminate()
AttributeError: 'NoneType' object has no attribute 'terminate'


[2021-04-21 20:54:18] Traceback (most recent call last):
  File "lifespan_handler.pyx", line 129, in cefpython_py37.LifespanHandler_OnBeforeClose
  File "/media/feodoritiy/HDD/SWAP/ФТИ/1курс/Программирование/Подъюбкин Курсач Флиртович/Коля Передриенко/client/browser.py", line 97, in OnBeforeClose
    storage.connection_process.terminate()
AttributeError: 'NoneType' object has no attribute 'terminate'


[2021-04-21 20:55:34] Traceback (most recent call last):
  File "lifespan_handler.pyx", line 129, in cefpython_py37.LifespanHandler_OnBeforeClose
  File "/media/feodoritiy/HDD/SWAP/ФТИ/1курс/Программирование/Подъюбкин Курсач Флиртович/Коля Передриенко/client/browser.py", line 97, in OnBeforeClose
    storage.connection_process.terminate()
AttributeError: 'NoneType' object has no attribute 'terminate'


[2021-04-21 20:57:16] Traceback (most recent call last):
  File "lifespan_handler.pyx", line 129, in cefpython_py37.LifespanHandler_OnBeforeClose
  File "/media/feodoritiy/HDD/SWAP/ФТИ/1курс/Программирование/Подъюбкин Курсач Флиртович/Коля Передриенко/client/browser.py", line 97, in OnBeforeClose
    storage.connection_process.terminate()
AttributeError: 'NoneType' object has no attribute 'terminate'


[2021-04-21 21:00:12] Traceback (most recent call last):
  File "lifespan_handler.pyx", line 129, in cefpython_py37.LifespanHandler_OnBeforeClose
  File "/media/feodoritiy/HDD/SWAP/ФТИ/1курс/Программирование/Подъюбкин Курсач Флиртович/Коля Передриенко/client/browser.py", line 97, in OnBeforeClose
    storage.connection_process.terminate()
AttributeError: 'NoneType' object has no attribute 'terminate'


[2021-04-21 21:00:54] Traceback (most recent call last):
  File "lifespan_handler.pyx", line 129, in cefpython_py37.LifespanHandler_OnBeforeClose
  File "/media/feodoritiy/HDD/SWAP/ФТИ/1курс/Программирование/Подъюбкин Курсач Флиртович/Коля Передриенко/client/browser.py", line 97, in OnBeforeClose
    storage.connection_process.terminate()
AttributeError: 'NoneType' object has no attribute 'terminate'


[2021-04-21 21:01:29] Traceback (most recent call last):
  File "lifespan_handler.pyx", line 129, in cefpython_py37.LifespanHandler_OnBeforeClose
  File "/media/feodoritiy/HDD/SWAP/ФТИ/1курс/Программирование/Подъюбкин Курсач Флиртович/Коля Передриенко/client/browser.py", line 97, in OnBeforeClose
    storage.connection_process.terminate()
AttributeError: 'NoneType' object has no attribute 'terminate'


[2021-04-21 21:02:04] Traceback (most recent call last):
  File "lifespan_handler.pyx", line 129, in cefpython_py37.LifespanHandler_OnBeforeClose
  File "/media/feodoritiy/HDD/SWAP/ФТИ/1курс/Программирование/Подъюбкин Курсач Флиртович/Коля Передриенко/client/browser.py", line 97, in OnBeforeClose
    storage.connection_process.terminate()
AttributeError: 'NoneType' object has no attribute 'terminate'


[2021-04-21 21:02:29] Traceback (most recent call last):
  File "lifespan_handler.pyx", line 129, in cefpython_py37.LifespanHandler_OnBeforeClose
  File "/media/feodoritiy/HDD/SWAP/ФТИ/1курс/Программирование/Подъюбкин Курсач Флиртович/Коля Передриенко/client/browser.py", line 97, in OnBeforeClose
    storage.connection_process.terminate()
AttributeError: 'NoneType' object has no attribute 'terminate'


[2021-04-21 21:02:59] Traceback (most recent call last):
  File "lifespan_handler.pyx", line 129, in cefpython_py37.LifespanHandler_OnBeforeClose
  File "/media/feodoritiy/HDD/SWAP/ФТИ/1курс/Программирование/Подъюбкин Курсач Флиртович/Коля Передриенко/client/browser.py", line 97, in OnBeforeClose
    storage.connection_process.terminate()
AttributeError: 'NoneType' object has no attribute 'terminate'


[2021-04-21 21:03:16] Traceback (most recent call last):
  File "lifespan_handler.pyx", line 129, in cefpython_py37.LifespanHandler_OnBeforeClose
  File "/media/feodoritiy/HDD/SWAP/ФТИ/1курс/Программирование/Подъюбкин Курсач Флиртович/Коля Передриенко/client/browser.py", line 97, in OnBeforeClose
    storage.connection_process.terminate()
AttributeError: 'NoneType' object has no attribute 'terminate'


[2021-04-21 21:04:06] Traceback (most recent call last):
  File "lifespan_handler.pyx", line 129, in cefpython_py37.LifespanHandler_OnBeforeClose
  File "/media/feodoritiy/HDD/SWAP/ФТИ/1курс/Программирование/Подъюбкин Курсач Флиртович/Коля Передриенко/client/browser.py", line 97, in OnBeforeClose
    storage.connection_process.terminate()
AttributeError: 'NoneType' object has no attribute 'terminate'


[2021-04-21 21:04:48] Traceback (most recent call last):
  File "lifespan_handler.pyx", line 129, in cefpython_py37.LifespanHandler_OnBeforeClose
  File "/media/feodoritiy/HDD/SWAP/ФТИ/1курс/Программирование/Подъюбкин Курсач Флиртович/Коля Передриенко/client/browser.py", line 97, in OnBeforeClose
    storage.connection_process.terminate()
AttributeError: 'NoneType' object has no attribute 'terminate'


[2021-04-21 21:05:50] Traceback (most recent call last):
  File "lifespan_handler.pyx", line 129, in cefpython_py37.LifespanHandler_OnBeforeClose
  File "/media/feodoritiy/HDD/SWAP/ФТИ/1курс/Программирование/Подъюбкин Курсач Флиртович/Коля Передриенко/client/browser.py", line 97, in OnBeforeClose
    storage.connection_process.terminate()
AttributeError: 'NoneType' object has no attribute 'terminate'


[2021-04-21 21:06:35] Traceback (most recent call last):
  File "lifespan_handler.pyx", line 129, in cefpython_py37.LifespanHandler_OnBeforeClose
  File "/media/feodoritiy/HDD/SWAP/ФТИ/1курс/Программирование/Подъюбкин Курсач Флиртович/Коля Передриенко/client/browser.py", line 97, in OnBeforeClose
    storage.connection_process.terminate()
AttributeError: 'NoneType' object has no attribute 'terminate'


[2021-04-21 21:07:01] Traceback (most recent call last):
  File "lifespan_handler.pyx", line 129, in cefpython_py37.LifespanHandler_OnBeforeClose
  File "/media/feodoritiy/HDD/SWAP/ФТИ/1курс/Программирование/Подъюбкин Курсач Флиртович/Коля Передриенко/client/browser.py", line 97, in OnBeforeClose
    storage.connection_process.terminate()
AttributeError: 'NoneType' object has no attribute 'terminate'


[2021-04-21 21:07:42] Traceback (most recent call last):
  File "lifespan_handler.pyx", line 129, in cefpython_py37.LifespanHandler_OnBeforeClose
  File "/media/feodoritiy/HDD/SWAP/ФТИ/1курс/Программирование/Подъюбкин Курсач Флиртович/Коля Передриенко/client/browser.py", line 97, in OnBeforeClose
    storage.connection_process.terminate()
AttributeError: 'NoneType' object has no attribute 'terminate'


[2021-04-21 21:38:54] Traceback (most recent call last):
  File "lifespan_handler.pyx", line 129, in cefpython_py37.LifespanHandler_OnBeforeClose
  File "/media/feodoritiy/HDD/SWAP/ФТИ/1курс/Программирование/Подъюбкин Курсач Флиртович/Коля Передриенко/client/browser.py", line 97, in OnBeforeClose
    storage.connection_process.terminate()
AttributeError: 'NoneType' object has no attribute 'terminate'


[2021-04-21 21:39:42] Traceback (most recent call last):
  File "lifespan_handler.pyx", line 129, in cefpython_py37.LifespanHandler_OnBeforeClose
  File "/media/feodoritiy/HDD/SWAP/ФТИ/1курс/Программирование/Подъюбкин Курсач Флиртович/Коля Передриенко/client/browser.py", line 97, in OnBeforeClose
    storage.connection_process.terminate()
AttributeError: 'NoneType' object has no attribute 'terminate'


[2021-04-21 21:40:09] Traceback (most recent call last):
  File "lifespan_handler.pyx", line 129, in cefpython_py37.LifespanHandler_OnBeforeClose
  File "/media/feodoritiy/HDD/SWAP/ФТИ/1курс/Программирование/Подъюбкин Курсач Флиртович/Коля Передриенко/client/browser.py", line 97, in OnBeforeClose
    storage.connection_process.terminate()
AttributeError: 'NoneType' object has no attribute 'terminate'


[2021-04-21 22:38:59] Traceback (most recent call last):
  File "lifespan_handler.pyx", line 129, in cefpython_py37.LifespanHandler_OnBeforeClose
  File "/media/feodoritiy/HDD/SWAP/ФТИ/1курс/Программирование/Подъюбкин Курсач Флиртович/Коля Передриенко/client/browser.py", line 97, in OnBeforeClose
    storage.connection_process.terminate()
AttributeError: 'NoneType' object has no attribute 'terminate'


[2021-04-21 22:42:25] Traceback (most recent call last):
  File "lifespan_handler.pyx", line 129, in cefpython_py37.LifespanHandler_OnBeforeClose
  File "/media/feodoritiy/HDD/SWAP/ФТИ/1курс/Программирование/Подъюбкин Курсач Флиртович/Коля Передриенко/client/browser.py", line 97, in OnBeforeClose
    storage.connection_process.terminate()
AttributeError: 'NoneType' object has no attribute 'terminate'


[2021-04-21 22:43:58] Traceback (most recent call last):
  File "lifespan_handler.pyx", line 129, in cefpython_py37.LifespanHandler_OnBeforeClose
  File "/media/feodoritiy/HDD/SWAP/ФТИ/1курс/Программирование/Подъюбкин Курсач Флиртович/Коля Передриенко/client/browser.py", line 97, in OnBeforeClose
    storage.connection_process.terminate()
AttributeError: 'NoneType' object has no attribute 'terminate'


[2021-04-21 22:44:24] Traceback (most recent call last):
  File "lifespan_handler.pyx", line 129, in cefpython_py37.LifespanHandler_OnBeforeClose
  File "/media/feodoritiy/HDD/SWAP/ФТИ/1курс/Программирование/Подъюбкин Курсач Флиртович/Коля Передриенко/client/browser.py", line 97, in OnBeforeClose
    storage.connection_process.terminate()
AttributeError: 'NoneType' object has no attribute 'terminate'


[2021-04-21 22:44:52] Traceback (most recent call last):
  File "lifespan_handler.pyx", line 129, in cefpython_py37.LifespanHandler_OnBeforeClose
  File "/media/feodoritiy/HDD/SWAP/ФТИ/1курс/Программирование/Подъюбкин Курсач Флиртович/Коля Передриенко/client/browser.py", line 97, in OnBeforeClose
    storage.connection_process.terminate()
AttributeError: 'NoneType' object has no attribute 'terminate'


[2021-04-21 22:46:14] Traceback (most recent call last):
  File "lifespan_handler.pyx", line 129, in cefpython_py37.LifespanHandler_OnBeforeClose
  File "/media/feodoritiy/HDD/SWAP/ФТИ/1курс/Программирование/Подъюбкин Курсач Флиртович/Коля Передриенко/client/browser.py", line 97, in OnBeforeClose
    storage.connection_process.terminate()
AttributeError: 'NoneType' object has no attribute 'terminate'


[2021-04-21 22:46:59] Traceback (most recent call last):
  File "lifespan_handler.pyx", line 129, in cefpython_py37.LifespanHandler_OnBeforeClose
  File "/media/feodoritiy/HDD/SWAP/ФТИ/1курс/Программирование/Подъюбкин Курсач Флиртович/Коля Передриенко/client/browser.py", line 97, in OnBeforeClose
    storage.connection_process.terminate()
AttributeError: 'NoneType' object has no attribute 'terminate'


[2021-04-21 22:48:15] Traceback (most recent call last):
  File "lifespan_handler.pyx", line 129, in cefpython_py37.LifespanHandler_OnBeforeClose
  File "/media/feodoritiy/HDD/SWAP/ФТИ/1курс/Программирование/Подъюбкин Курсач Флиртович/Коля Передриенко/client/browser.py", line 97, in OnBeforeClose
    storage.connection_process.terminate()
AttributeError: 'NoneType' object has no attribute 'terminate'


[2021-04-21 22:53:40] Traceback (most recent call last):
  File "lifespan_handler.pyx", line 129, in cefpython_py37.LifespanHandler_OnBeforeClose
  File "/media/feodoritiy/HDD/SWAP/ФТИ/1курс/Программирование/Подъюбкин Курсач Флиртович/Коля Передриенко/client/browser.py", line 97, in OnBeforeClose
    storage.connection_process.terminate()
AttributeError: 'NoneType' object has no attribute 'terminate'


[2021-04-21 22:53:59] Traceback (most recent call last):
  File "lifespan_handler.pyx", line 129, in cefpython_py37.LifespanHandler_OnBeforeClose
  File "/media/feodoritiy/HDD/SWAP/ФТИ/1курс/Программирование/Подъюбкин Курсач Флиртович/Коля Передриенко/client/browser.py", line 97, in OnBeforeClose
    storage.connection_process.terminate()
AttributeError: 'NoneType' object has no attribute 'terminate'


[2021-04-22 10:38:38] Traceback (most recent call last):
  File "lifespan_handler.pyx", line 129, in cefpython_py37.LifespanHandler_OnBeforeClose
  File "/media/feodoritiy/HDD/SWAP/ФТИ/1курс/Программирование/Подъюбкин_Курсач_Флиртович/Коля_Передриенко/client/browser.py", line 97, in OnBeforeClose
    storage.connection_process.terminate()
AttributeError: 'NoneType' object has no attribute 'terminate'


[2021-04-22 10:41:18] Traceback (most recent call last):
  File "v8function_handler.pyx", line 48, in cefpython_py37.V8FunctionHandler_Execute
  File "/media/feodoritiy/HDD/SWAP/ФТИ/1курс/Программирование/Подъюбкин_Курсач_Флиртович/Коля_Передриенко/client/logic/login.py", line 13, in login
    if res['status'] == 'OK':
TypeError: 'Response' object is not subscriptable


[2021-04-22 10:42:04] Traceback (most recent call last):
  File "v8function_handler.pyx", line 48, in cefpython_py37.V8FunctionHandler_Execute
  File "/media/feodoritiy/HDD/SWAP/ФТИ/1курс/Программирование/Подъюбкин_Курсач_Флиртович/Коля_Передриенко/client/browser.py", line 44, in load_page
    html = self.read(f'./cache/{page_name}.html')
  File "/media/feodoritiy/HDD/SWAP/ФТИ/1курс/Программирование/Подъюбкин_Курсач_Флиртович/Коля_Передриенко/client/browser.py", line 40, in read
    with open(path.join(path.dirname(__file__), relpath), 'r') as file:
FileNotFoundError: [Errno 2] No such file or directory: '/media/feodoritiy/HDD/SWAP/ФТИ/1курс/Программирование/Подъюбкин_Курсач_Флиртович/Коля_Передриенко/client/./cache/main-menu.html'


[2021-04-22 10:49:55] Traceback (most recent call last):
  File "lifespan_handler.pyx", line 129, in cefpython_py37.LifespanHandler_OnBeforeClose
  File "/media/feodoritiy/HDD/SWAP/ФТИ/1курс/Программирование/Подъюбкин_Курсач_Флиртович/Коля_Передриенко/client/browser.py", line 97, in OnBeforeClose
    storage.connection_process.terminate()
AttributeError: 'NoneType' object has no attribute 'terminate'


[2021-04-22 10:51:47] Traceback (most recent call last):
  File "v8function_handler.pyx", line 48, in cefpython_py37.V8FunctionHandler_Execute
  File "/media/feodoritiy/HDD/SWAP/ФТИ/1курс/Программирование/Подъюбкин_Курсач_Флиртович/Коля_Передриенко/client/logic/login.py", line 13, in login
    if res['status'] == 'OK':
TypeError: 'Response' object is not subscriptable


[2021-04-22 10:52:36] Traceback (most recent call last):
  File "v8function_handler.pyx", line 48, in cefpython_py37.V8FunctionHandler_Execute
  File "/media/feodoritiy/HDD/SWAP/ФТИ/1курс/Программирование/Подъюбкин_Курсач_Флиртович/Коля_Передриенко/client/browser.py", line 44, in load_page
    html = self.read(f'./cache/{page_name}.html')
  File "/media/feodoritiy/HDD/SWAP/ФТИ/1курс/Программирование/Подъюбкин_Курсач_Флиртович/Коля_Передриенко/client/browser.py", line 40, in read
    with open(path.join(path.dirname(__file__), relpath), 'r') as file:
FileNotFoundError: [Errno 2] No such file or directory: '/media/feodoritiy/HDD/SWAP/ФТИ/1курс/Программирование/Подъюбкин_Курсач_Флиртович/Коля_Передриенко/client/./cache/main-menu.html'


[2021-04-22 10:58:00] Traceback (most recent call last):
  File "v8function_handler.pyx", line 48, in cefpython_py37.V8FunctionHandler_Execute
  File "/media/feodoritiy/HDD/SWAP/ФТИ/1курс/Программирование/Подъюбкин_Курсач_Флиртович/Коля_Передриенко/client/logic/login.py", line 14, in login
    storage.id = res['id']
KeyError: 'id'


[2021-04-22 10:59:14] Traceback (most recent call last):
  File "lifespan_handler.pyx", line 129, in cefpython_py37.LifespanHandler_OnBeforeClose
  File "/media/feodoritiy/HDD/SWAP/ФТИ/1курс/Программирование/Подъюбкин_Курсач_Флиртович/Коля_Передриенко/client/browser.py", line 97, in OnBeforeClose
    storage.connection_process.terminate()
AttributeError: 'NoneType' object has no attribute 'terminate'


[2021-04-22 10:59:51] Traceback (most recent call last):
  File "lifespan_handler.pyx", line 129, in cefpython_py37.LifespanHandler_OnBeforeClose
  File "/media/feodoritiy/HDD/SWAP/ФТИ/1курс/Программирование/Подъюбкин_Курсач_Флиртович/Коля_Передриенко/client/browser.py", line 97, in OnBeforeClose
    storage.connection_process.terminate()
AttributeError: 'NoneType' object has no attribute 'terminate'


[2021-04-22 11:00:14] Traceback (most recent call last):
  File "/usr/lib/python3.7/runpy.py", line 193, in _run_module_as_main
    "__main__", mod_spec)
  File "/usr/lib/python3.7/runpy.py", line 85, in _run_code
    exec(code, run_globals)
  File "/home/feodoritiy/.vscode/extensions/ms-python.python-2021.4.765268190/pythonFiles/lib/python/debugpy/__main__.py", line 45, in <module>
    cli.main()
  File "/home/feodoritiy/.vscode/extensions/ms-python.python-2021.4.765268190/pythonFiles/lib/python/debugpy/../debugpy/server/cli.py", line 444, in main
    run()
  File "/home/feodoritiy/.vscode/extensions/ms-python.python-2021.4.765268190/pythonFiles/lib/python/debugpy/../debugpy/server/cli.py", line 285, in run_file
    runpy.run_path(target_as_str, run_name=compat.force_str("__main__"))
  File "/usr/lib/python3.7/runpy.py", line 263, in run_path
    pkg_name=pkg_name, script_name=fname)
  File "/usr/lib/python3.7/runpy.py", line 96, in _run_module_code
    mod_name, mod_spec, pkg_name, script_name)
  File "/usr/lib/python3.7/runpy.py", line 85, in _run_code
    exec(code, run_globals)
  File "/media/feodoritiy/HDD/SWAP/ФТИ/1курс/Программирование/Подъюбкин_Курсач_Флиртович/Коля_Передриенко/client/main.py", line 33, in <module>
    main()
  File "/media/feodoritiy/HDD/SWAP/ФТИ/1курс/Программирование/Подъюбкин_Курсач_Флиртович/Коля_Передриенко/client/main.py", line 26, in main
    'login': login,
  File "/media/feodoritiy/HDD/SWAP/ФТИ/1курс/Программирование/Подъюбкин_Курсач_Флиртович/Коля_Передриенко/client/browser.py", line 29, in __init__
    start_page = self._html_to_data_uri(self.read(f'./cache/{start_page_name}.html'))
  File "/media/feodoritiy/HDD/SWAP/ФТИ/1курс/Программирование/Подъюбкин_Курсач_Флиртович/Коля_Передриенко/client/browser.py", line 40, in read
    with open(path.join(path.dirname(__file__), relpath), 'r') as file:
FileNotFoundError: [Errno 2] No such file or directory: '/media/feodoritiy/HDD/SWAP/ФТИ/1курс/Программирование/Подъюбкин_Курсач_Флиртович/Коля_Передриенко/client/./cache/main-page.html'


[2021-04-22 11:00:36] Traceback (most recent call last):
  File "lifespan_handler.pyx", line 129, in cefpython_py37.LifespanHandler_OnBeforeClose
  File "/media/feodoritiy/HDD/SWAP/ФТИ/1курс/Программирование/Подъюбкин_Курсач_Флиртович/Коля_Передриенко/client/browser.py", line 97, in OnBeforeClose
    storage.connection_process.terminate()
AttributeError: 'NoneType' object has no attribute 'terminate'


[2021-04-22 11:01:06] Traceback (most recent call last):
  File "lifespan_handler.pyx", line 129, in cefpython_py37.LifespanHandler_OnBeforeClose
  File "/media/feodoritiy/HDD/SWAP/ФТИ/1курс/Программирование/Подъюбкин_Курсач_Флиртович/Коля_Передриенко/client/browser.py", line 97, in OnBeforeClose
    storage.connection_process.terminate()
AttributeError: 'NoneType' object has no attribute 'terminate'


[2021-04-22 11:04:54] Traceback (most recent call last):
  File "lifespan_handler.pyx", line 129, in cefpython_py37.LifespanHandler_OnBeforeClose
  File "/media/feodoritiy/HDD/SWAP/ФТИ/1курс/Программирование/Подъюбкин_Курсач_Флиртович/Коля_Передриенко/client/browser.py", line 97, in OnBeforeClose
    storage.connection_process.terminate()
AttributeError: 'NoneType' object has no attribute 'terminate'


[2021-04-22 11:04:55] Traceback (most recent call last):
  File "lifespan_handler.pyx", line 129, in cefpython_py37.LifespanHandler_OnBeforeClose
  File "/media/feodoritiy/HDD/SWAP/ФТИ/1курс/Программирование/Подъюбкин_Курсач_Флиртович/Коля_Передриенко/client/browser.py", line 97, in OnBeforeClose
    storage.connection_process.terminate()
AttributeError: 'NoneType' object has no attribute 'terminate'


[2021-04-22 11:05:05] Traceback (most recent call last):
  File "lifespan_handler.pyx", line 129, in cefpython_py37.LifespanHandler_OnBeforeClose
  File "/media/feodoritiy/HDD/SWAP/ФТИ/1курс/Программирование/Подъюбкин_Курсач_Флиртович/Коля_Передриенко/client/browser.py", line 97, in OnBeforeClose
    storage.connection_process.terminate()
AttributeError: 'NoneType' object has no attribute 'terminate'


[2021-04-22 11:05:34] Traceback (most recent call last):
  File "lifespan_handler.pyx", line 129, in cefpython_py37.LifespanHandler_OnBeforeClose
  File "/media/feodoritiy/HDD/SWAP/ФТИ/1курс/Программирование/Подъюбкин_Курсач_Флиртович/Коля_Передриенко/client/browser.py", line 97, in OnBeforeClose
    storage.connection_process.terminate()
AttributeError: 'NoneType' object has no attribute 'terminate'


[2021-04-22 11:05:47] Traceback (most recent call last):
  File "lifespan_handler.pyx", line 129, in cefpython_py37.LifespanHandler_OnBeforeClose
  File "/media/feodoritiy/HDD/SWAP/ФТИ/1курс/Программирование/Подъюбкин_Курсач_Флиртович/Коля_Передриенко/client/browser.py", line 97, in OnBeforeClose
    storage.connection_process.terminate()
AttributeError: 'NoneType' object has no attribute 'terminate'


[2021-04-22 11:06:04] Traceback (most recent call last):
  File "lifespan_handler.pyx", line 129, in cefpython_py37.LifespanHandler_OnBeforeClose
  File "/media/feodoritiy/HDD/SWAP/ФТИ/1курс/Программирование/Подъюбкин_Курсач_Флиртович/Коля_Передриенко/client/browser.py", line 97, in OnBeforeClose
    storage.connection_process.terminate()
AttributeError: 'NoneType' object has no attribute 'terminate'


[2021-04-22 11:06:26] Traceback (most recent call last):
  File "lifespan_handler.pyx", line 129, in cefpython_py37.LifespanHandler_OnBeforeClose
  File "/media/feodoritiy/HDD/SWAP/ФТИ/1курс/Программирование/Подъюбкин_Курсач_Флиртович/Коля_Передриенко/client/browser.py", line 97, in OnBeforeClose
    storage.connection_process.terminate()
AttributeError: 'NoneType' object has no attribute 'terminate'


[2021-04-22 11:07:20] Traceback (most recent call last):
  File "lifespan_handler.pyx", line 129, in cefpython_py37.LifespanHandler_OnBeforeClose
  File "/media/feodoritiy/HDD/SWAP/ФТИ/1курс/Программирование/Подъюбкин_Курсач_Флиртович/Коля_Передриенко/client/browser.py", line 97, in OnBeforeClose
    storage.connection_process.terminate()
AttributeError: 'NoneType' object has no attribute 'terminate'


[2021-04-22 11:07:57] Traceback (most recent call last):
  File "lifespan_handler.pyx", line 129, in cefpython_py37.LifespanHandler_OnBeforeClose
  File "/media/feodoritiy/HDD/SWAP/ФТИ/1курс/Программирование/Подъюбкин_Курсач_Флиртович/Коля_Передриенко/client/browser.py", line 97, in OnBeforeClose
    storage.connection_process.terminate()
AttributeError: 'NoneType' object has no attribute 'terminate'


[2021-04-22 11:08:50] Traceback (most recent call last):
  File "lifespan_handler.pyx", line 129, in cefpython_py37.LifespanHandler_OnBeforeClose
  File "/media/feodoritiy/HDD/SWAP/ФТИ/1курс/Программирование/Подъюбкин_Курсач_Флиртович/Коля_Передриенко/client/browser.py", line 97, in OnBeforeClose
    storage.connection_process.terminate()
AttributeError: 'NoneType' object has no attribute 'terminate'


[2021-04-22 11:09:53] Traceback (most recent call last):
  File "lifespan_handler.pyx", line 129, in cefpython_py37.LifespanHandler_OnBeforeClose
  File "/media/feodoritiy/HDD/SWAP/ФТИ/1курс/Программирование/Подъюбкин_Курсач_Флиртович/Коля_Передриенко/client/browser.py", line 97, in OnBeforeClose
    storage.connection_process.terminate()
AttributeError: 'NoneType' object has no attribute 'terminate'


[2021-04-22 11:10:59] Traceback (most recent call last):
  File "lifespan_handler.pyx", line 129, in cefpython_py37.LifespanHandler_OnBeforeClose
  File "/media/feodoritiy/HDD/SWAP/ФТИ/1курс/Программирование/Подъюбкин_Курсач_Флиртович/Коля_Передриенко/client/browser.py", line 97, in OnBeforeClose
    storage.connection_process.terminate()
AttributeError: 'NoneType' object has no attribute 'terminate'


[2021-04-22 11:11:26] Traceback (most recent call last):
  File "lifespan_handler.pyx", line 129, in cefpython_py37.LifespanHandler_OnBeforeClose
  File "/media/feodoritiy/HDD/SWAP/ФТИ/1курс/Программирование/Подъюбкин_Курсач_Флиртович/Коля_Передриенко/client/browser.py", line 97, in OnBeforeClose
    storage.connection_process.terminate()
AttributeError: 'NoneType' object has no attribute 'terminate'


[2021-04-22 11:14:54] Traceback (most recent call last):
  File "lifespan_handler.pyx", line 129, in cefpython_py37.LifespanHandler_OnBeforeClose
  File "/media/feodoritiy/HDD/SWAP/ФТИ/1курс/Программирование/Подъюбкин_Курсач_Флиртович/Коля_Передриенко/client/browser.py", line 97, in OnBeforeClose
    storage.connection_process.terminate()
AttributeError: 'NoneType' object has no attribute 'terminate'


[2021-04-22 11:50:35] Traceback (most recent call last):
  File "lifespan_handler.pyx", line 129, in cefpython_py37.LifespanHandler_OnBeforeClose
  File "/media/feodoritiy/HDD/SWAP/ФТИ/1курс/Программирование/Подъюбкин_Курсач_Флиртович/Коля_Передриенко/client/browser.py", line 97, in OnBeforeClose
    storage.connection_process.terminate()
AttributeError: 'NoneType' object has no attribute 'terminate'


[2021-04-22 11:50:57] Traceback (most recent call last):
  File "lifespan_handler.pyx", line 129, in cefpython_py37.LifespanHandler_OnBeforeClose
  File "/media/feodoritiy/HDD/SWAP/ФТИ/1курс/Программирование/Подъюбкин_Курсач_Флиртович/Коля_Передриенко/client/browser.py", line 97, in OnBeforeClose
    storage.connection_process.terminate()
AttributeError: 'NoneType' object has no attribute 'terminate'


[2021-04-22 11:54:07] Traceback (most recent call last):
  File "lifespan_handler.pyx", line 129, in cefpython_py37.LifespanHandler_OnBeforeClose
  File "/media/feodoritiy/HDD/SWAP/ФТИ/1курс/Программирование/Подъюбкин_Курсач_Флиртович/Коля_Передриенко/client/browser.py", line 97, in OnBeforeClose
    storage.connection_process.terminate()
AttributeError: 'NoneType' object has no attribute 'terminate'


[2021-04-22 11:55:06] Traceback (most recent call last):
  File "lifespan_handler.pyx", line 129, in cefpython_py37.LifespanHandler_OnBeforeClose
  File "/media/feodoritiy/HDD/SWAP/ФТИ/1курс/Программирование/Подъюбкин_Курсач_Флиртович/Коля_Передриенко/client/browser.py", line 97, in OnBeforeClose
    storage.connection_process.terminate()
AttributeError: 'NoneType' object has no attribute 'terminate'


[2021-04-22 11:56:00] Traceback (most recent call last):
  File "lifespan_handler.pyx", line 129, in cefpython_py37.LifespanHandler_OnBeforeClose
  File "/media/feodoritiy/HDD/SWAP/ФТИ/1курс/Программирование/Подъюбкин_Курсач_Флиртович/Коля_Передриенко/client/browser.py", line 97, in OnBeforeClose
    storage.connection_process.terminate()
AttributeError: 'NoneType' object has no attribute 'terminate'


[2021-04-22 11:56:44] Traceback (most recent call last):
  File "lifespan_handler.pyx", line 129, in cefpython_py37.LifespanHandler_OnBeforeClose
  File "/media/feodoritiy/HDD/SWAP/ФТИ/1курс/Программирование/Подъюбкин_Курсач_Флиртович/Коля_Передриенко/client/browser.py", line 97, in OnBeforeClose
    storage.connection_process.terminate()
AttributeError: 'NoneType' object has no attribute 'terminate'


[2021-04-22 11:57:28] Traceback (most recent call last):
  File "lifespan_handler.pyx", line 129, in cefpython_py37.LifespanHandler_OnBeforeClose
  File "/media/feodoritiy/HDD/SWAP/ФТИ/1курс/Программирование/Подъюбкин_Курсач_Флиртович/Коля_Передриенко/client/browser.py", line 97, in OnBeforeClose
    storage.connection_process.terminate()
AttributeError: 'NoneType' object has no attribute 'terminate'


[2021-04-22 11:57:46] Traceback (most recent call last):
  File "lifespan_handler.pyx", line 129, in cefpython_py37.LifespanHandler_OnBeforeClose
  File "/media/feodoritiy/HDD/SWAP/ФТИ/1курс/Программирование/Подъюбкин_Курсач_Флиртович/Коля_Передриенко/client/browser.py", line 97, in OnBeforeClose
    storage.connection_process.terminate()
AttributeError: 'NoneType' object has no attribute 'terminate'


[2021-04-22 12:04:43] Traceback (most recent call last):
  File "lifespan_handler.pyx", line 129, in cefpython_py37.LifespanHandler_OnBeforeClose
  File "/media/feodoritiy/HDD/SWAP/ФТИ/1курс/Программирование/Подъюбкин_Курсач_Флиртович/Коля_Передриенко/client/browser.py", line 97, in OnBeforeClose
    storage.connection_process.terminate()
AttributeError: 'NoneType' object has no attribute 'terminate'


[2021-04-22 12:04:56] Traceback (most recent call last):
  File "lifespan_handler.pyx", line 129, in cefpython_py37.LifespanHandler_OnBeforeClose
  File "/media/feodoritiy/HDD/SWAP/ФТИ/1курс/Программирование/Подъюбкин_Курсач_Флиртович/Коля_Передриенко/client/browser.py", line 97, in OnBeforeClose
    storage.connection_process.terminate()
AttributeError: 'NoneType' object has no attribute 'terminate'


[2021-04-22 15:33:09] Traceback (most recent call last):
  File "lifespan_handler.pyx", line 129, in cefpython_py37.LifespanHandler_OnBeforeClose
  File "/media/feodoritiy/HDD/SWAP/ФТИ/1курс/Программирование/Подъюбкин_Курсач_Флиртович/Коля_Передриенко/client/browser.py", line 97, in OnBeforeClose
    storage.connection_process.terminate()
AttributeError: 'NoneType' object has no attribute 'terminate'


[2021-04-22 19:44:34] Traceback (most recent call last):
  File "lifespan_handler.pyx", line 129, in cefpython_py37.LifespanHandler_OnBeforeClose
  File "/media/feodoritiy/HDD/SWAP/ФТИ/1курс/Программирование/Подъюбкин_Курсач_Флиртович/Коля_Передриенко/client/browser.py", line 97, in OnBeforeClose
    storage.connection_process.terminate()
AttributeError: 'NoneType' object has no attribute 'terminate'


[2021-04-22 20:10:13] Traceback (most recent call last):
  File "lifespan_handler.pyx", line 129, in cefpython_py37.LifespanHandler_OnBeforeClose
  File "/media/feodoritiy/HDD/SWAP/ФТИ/1курс/Программирование/Подъюбкин_Курсач_Флиртович/Коля_Передриенко/client/browser.py", line 97, in OnBeforeClose
    storage.connection_process.terminate()
AttributeError: 'NoneType' object has no attribute 'terminate'


[2021-04-22 20:11:05] Traceback (most recent call last):
  File "lifespan_handler.pyx", line 129, in cefpython_py37.LifespanHandler_OnBeforeClose
  File "/media/feodoritiy/HDD/SWAP/ФТИ/1курс/Программирование/Подъюбкин_Курсач_Флиртович/Коля_Передриенко/client/browser.py", line 97, in OnBeforeClose
    storage.connection_process.terminate()
AttributeError: 'NoneType' object has no attribute 'terminate'


[2021-04-22 20:14:37] Traceback (most recent call last):
  File "lifespan_handler.pyx", line 129, in cefpython_py37.LifespanHandler_OnBeforeClose
  File "/media/feodoritiy/HDD/SWAP/ФТИ/1курс/Программирование/Подъюбкин_Курсач_Флиртович/Коля_Передриенко/client/browser.py", line 97, in OnBeforeClose
    storage.connection_process.terminate()
AttributeError: 'NoneType' object has no attribute 'terminate'


[2021-04-22 20:31:12] Traceback (most recent call last):
  File "lifespan_handler.pyx", line 129, in cefpython_py37.LifespanHandler_OnBeforeClose
  File "/media/feodoritiy/HDD/SWAP/ФТИ/1курс/Программирование/Подъюбкин_Курсач_Флиртович/Коля_Передриенко/client/browser.py", line 97, in OnBeforeClose
    storage.connection_process.terminate()
AttributeError: 'NoneType' object has no attribute 'terminate'


[2021-04-22 20:36:51] Traceback (most recent call last):
  File "lifespan_handler.pyx", line 129, in cefpython_py37.LifespanHandler_OnBeforeClose
  File "/media/feodoritiy/HDD/SWAP/ФТИ/1курс/Программирование/Подъюбкин_Курсач_Флиртович/Коля_Передриенко/client/browser.py", line 97, in OnBeforeClose
    storage.connection_process.terminate()
AttributeError: 'NoneType' object has no attribute 'terminate'


[2021-04-22 20:47:05] Traceback (most recent call last):
  File "lifespan_handler.pyx", line 129, in cefpython_py37.LifespanHandler_OnBeforeClose
  File "/media/feodoritiy/HDD/SWAP/ФТИ/1курс/Программирование/Подъюбкин_Курсач_Флиртович/Коля_Передриенко/client/browser.py", line 97, in OnBeforeClose
    storage.connection_process.terminate()
AttributeError: 'NoneType' object has no attribute 'terminate'


[2021-04-22 20:51:41] Traceback (most recent call last):
  File "/usr/lib/python3/dist-packages/urllib3/connectionpool.py", line 672, in urlopen
    chunked=chunked,
  File "/usr/lib/python3/dist-packages/urllib3/connectionpool.py", line 421, in _make_request
    six.raise_from(e, None)
  File "<string>", line 3, in raise_from
  File "/usr/lib/python3/dist-packages/urllib3/connectionpool.py", line 416, in _make_request
    httplib_response = conn.getresponse()
  File "/usr/lib/python3.7/http/client.py", line 1369, in getresponse
    response.begin()
  File "/usr/lib/python3.7/http/client.py", line 310, in begin
    version, status, reason = self._read_status()
  File "/usr/lib/python3.7/http/client.py", line 279, in _read_status
    raise RemoteDisconnected("Remote end closed connection without"
http.client.RemoteDisconnected: Remote end closed connection without response

During handling of the above exception, another exception occurred:

Traceback (most recent call last):
  File "/usr/lib/python3/dist-packages/requests/adapters.py", line 449, in send
    timeout=timeout
  File "/usr/lib/python3/dist-packages/urllib3/connectionpool.py", line 720, in urlopen
    method, url, error=e, _pool=self, _stacktrace=sys.exc_info()[2]
  File "/usr/lib/python3/dist-packages/urllib3/util/retry.py", line 400, in increment
    raise six.reraise(type(error), error, _stacktrace)
  File "/usr/lib/python3/dist-packages/six.py", line 702, in reraise
    raise value.with_traceback(tb)
  File "/usr/lib/python3/dist-packages/urllib3/connectionpool.py", line 672, in urlopen
    chunked=chunked,
  File "/usr/lib/python3/dist-packages/urllib3/connectionpool.py", line 421, in _make_request
    six.raise_from(e, None)
  File "<string>", line 3, in raise_from
  File "/usr/lib/python3/dist-packages/urllib3/connectionpool.py", line 416, in _make_request
    httplib_response = conn.getresponse()
  File "/usr/lib/python3.7/http/client.py", line 1369, in getresponse
    response.begin()
  File "/usr/lib/python3.7/http/client.py", line 310, in begin
    version, status, reason = self._read_status()
  File "/usr/lib/python3.7/http/client.py", line 279, in _read_status
    raise RemoteDisconnected("Remote end closed connection without"
urllib3.exceptions.ProtocolError: ('Connection aborted.', RemoteDisconnected('Remote end closed connection without response'))

During handling of the above exception, another exception occurred:

Traceback (most recent call last):
  File "v8function_handler.pyx", line 48, in cefpython_py37.V8FunctionHandler_Execute
  File "/media/feodoritiy/HDD/SWAP/ФТИ/1курс/Программирование/Подъюбкин_Курсач_Флиртович/Коля_Передриенко/client/logic/game.py", line 6, in select_word
    'category': storage.category,
  File "/media/feodoritiy/HDD/SWAP/ФТИ/1курс/Программирование/Подъюбкин_Курсач_Флиртович/Коля_Передриенко/client/storage.py", line 35, in load
    res = requests.post(f'{SERVER}{path}', data)
  File "/usr/lib/python3/dist-packages/requests/api.py", line 116, in post
    return request('post', url, data=data, json=json, **kwargs)
  File "/usr/lib/python3/dist-packages/requests/api.py", line 60, in request
    return session.request(method=method, url=url, **kwargs)
  File "/usr/lib/python3/dist-packages/requests/sessions.py", line 533, in request
    resp = self.send(prep, **send_kwargs)
  File "/usr/lib/python3/dist-packages/requests/sessions.py", line 646, in send
    r = adapter.send(request, **kwargs)
  File "/usr/lib/python3/dist-packages/requests/adapters.py", line 498, in send
    raise ConnectionError(err, request=request)
requests.exceptions.ConnectionError: ('Connection aborted.', RemoteDisconnected('Remote end closed connection without response'))


[2021-04-22 20:52:17] Traceback (most recent call last):
  File "lifespan_handler.pyx", line 129, in cefpython_py37.LifespanHandler_OnBeforeClose
  File "/media/feodoritiy/HDD/SWAP/ФТИ/1курс/Программирование/Подъюбкин_Курсач_Флиртович/Коля_Передриенко/client/browser.py", line 97, in OnBeforeClose
    storage.connection_process.terminate()
AttributeError: 'NoneType' object has no attribute 'terminate'


[2021-04-22 21:01:01] Traceback (most recent call last):
  File "lifespan_handler.pyx", line 129, in cefpython_py37.LifespanHandler_OnBeforeClose
  File "/media/feodoritiy/HDD/SWAP/ФТИ/1курс/Программирование/Подъюбкин_Курсач_Флиртович/Коля_Передриенко/client/browser.py", line 97, in OnBeforeClose
    storage.connection_process.terminate()
AttributeError: 'NoneType' object has no attribute 'terminate'


[2021-04-22 21:09:31] Traceback (most recent call last):
  File "lifespan_handler.pyx", line 129, in cefpython_py37.LifespanHandler_OnBeforeClose
  File "/media/feodoritiy/HDD/SWAP/ФТИ/1курс/Программирование/Подъюбкин_Курсач_Флиртович/Коля_Передриенко/client/browser.py", line 97, in OnBeforeClose
    storage.connection_process.terminate()
AttributeError: 'NoneType' object has no attribute 'terminate'


[2021-04-22 21:09:49] Traceback (most recent call last):
  File "lifespan_handler.pyx", line 129, in cefpython_py37.LifespanHandler_OnBeforeClose
  File "/media/feodoritiy/HDD/SWAP/ФТИ/1курс/Программирование/Подъюбкин_Курсач_Флиртович/Коля_Передриенко/client/browser.py", line 97, in OnBeforeClose
    storage.connection_process.terminate()
AttributeError: 'NoneType' object has no attribute 'terminate'


[2021-04-22 21:14:59] Traceback (most recent call last):
  File "lifespan_handler.pyx", line 129, in cefpython_py37.LifespanHandler_OnBeforeClose
  File "/media/feodoritiy/HDD/SWAP/ФТИ/1курс/Программирование/Подъюбкин_Курсач_Флиртович/Коля_Передриенко/client/browser.py", line 97, in OnBeforeClose
    storage.connection_process.terminate()
AttributeError: 'NoneType' object has no attribute 'terminate'


[2021-04-22 21:15:30] Traceback (most recent call last):
  File "lifespan_handler.pyx", line 129, in cefpython_py37.LifespanHandler_OnBeforeClose
  File "/media/feodoritiy/HDD/SWAP/ФТИ/1курс/Программирование/Подъюбкин_Курсач_Флиртович/Коля_Передриенко/client/browser.py", line 97, in OnBeforeClose
    storage.connection_process.terminate()
AttributeError: 'NoneType' object has no attribute 'terminate'


[2021-04-22 21:16:03] Traceback (most recent call last):
  File "lifespan_handler.pyx", line 129, in cefpython_py37.LifespanHandler_OnBeforeClose
  File "/media/feodoritiy/HDD/SWAP/ФТИ/1курс/Программирование/Подъюбкин_Курсач_Флиртович/Коля_Передриенко/client/browser.py", line 97, in OnBeforeClose
    storage.connection_process.terminate()
AttributeError: 'NoneType' object has no attribute 'terminate'


[2021-04-22 21:16:30] Traceback (most recent call last):
  File "lifespan_handler.pyx", line 129, in cefpython_py37.LifespanHandler_OnBeforeClose
  File "/media/feodoritiy/HDD/SWAP/ФТИ/1курс/Программирование/Подъюбкин_Курсач_Флиртович/Коля_Передриенко/client/browser.py", line 97, in OnBeforeClose
    storage.connection_process.terminate()
AttributeError: 'NoneType' object has no attribute 'terminate'


[2021-04-22 21:17:17] Traceback (most recent call last):
  File "lifespan_handler.pyx", line 129, in cefpython_py37.LifespanHandler_OnBeforeClose
  File "/media/feodoritiy/HDD/SWAP/ФТИ/1курс/Программирование/Подъюбкин_Курсач_Флиртович/Коля_Передриенко/client/browser.py", line 97, in OnBeforeClose
    storage.connection_process.terminate()
AttributeError: 'NoneType' object has no attribute 'terminate'


[2021-04-22 21:18:11] Traceback (most recent call last):
  File "lifespan_handler.pyx", line 129, in cefpython_py37.LifespanHandler_OnBeforeClose
  File "/media/feodoritiy/HDD/SWAP/ФТИ/1курс/Программирование/Подъюбкин_Курсач_Флиртович/Коля_Передриенко/client/browser.py", line 97, in OnBeforeClose
    storage.connection_process.terminate()
AttributeError: 'NoneType' object has no attribute 'terminate'


[2021-04-22 21:19:44] Traceback (most recent call last):
  File "lifespan_handler.pyx", line 129, in cefpython_py37.LifespanHandler_OnBeforeClose
  File "/media/feodoritiy/HDD/SWAP/ФТИ/1курс/Программирование/Подъюбкин_Курсач_Флиртович/Коля_Передриенко/client/browser.py", line 97, in OnBeforeClose
    storage.connection_process.terminate()
AttributeError: 'NoneType' object has no attribute 'terminate'


[2021-04-22 21:23:57] Traceback (most recent call last):
  File "lifespan_handler.pyx", line 129, in cefpython_py37.LifespanHandler_OnBeforeClose
  File "/media/feodoritiy/HDD/SWAP/ФТИ/1курс/Программирование/Подъюбкин_Курсач_Флиртович/Коля_Передриенко/client/browser.py", line 97, in OnBeforeClose
    storage.connection_process.terminate()
AttributeError: 'NoneType' object has no attribute 'terminate'


[2021-04-22 21:24:32] Traceback (most recent call last):
  File "lifespan_handler.pyx", line 129, in cefpython_py37.LifespanHandler_OnBeforeClose
  File "/media/feodoritiy/HDD/SWAP/ФТИ/1курс/Программирование/Подъюбкин_Курсач_Флиртович/Коля_Передриенко/client/browser.py", line 97, in OnBeforeClose
    storage.connection_process.terminate()
AttributeError: 'NoneType' object has no attribute 'terminate'


[2021-04-22 21:25:45] Traceback (most recent call last):
  File "lifespan_handler.pyx", line 129, in cefpython_py37.LifespanHandler_OnBeforeClose
  File "/media/feodoritiy/HDD/SWAP/ФТИ/1курс/Программирование/Подъюбкин_Курсач_Флиртович/Коля_Передриенко/client/browser.py", line 97, in OnBeforeClose
    storage.connection_process.terminate()
AttributeError: 'NoneType' object has no attribute 'terminate'


[2021-04-22 21:35:21] Traceback (most recent call last):
  File "lifespan_handler.pyx", line 129, in cefpython_py37.LifespanHandler_OnBeforeClose
  File "/media/feodoritiy/HDD/SWAP/ФТИ/1курс/Программирование/Подъюбкин_Курсач_Флиртович/Коля_Передриенко/client/browser.py", line 97, in OnBeforeClose
    storage.connection_process.terminate()
AttributeError: 'NoneType' object has no attribute 'terminate'


[2021-04-22 21:35:46] Traceback (most recent call last):
  File "lifespan_handler.pyx", line 129, in cefpython_py37.LifespanHandler_OnBeforeClose
  File "/media/feodoritiy/HDD/SWAP/ФТИ/1курс/Программирование/Подъюбкин_Курсач_Флиртович/Коля_Передриенко/client/browser.py", line 97, in OnBeforeClose
    storage.connection_process.terminate()
AttributeError: 'NoneType' object has no attribute 'terminate'


[2021-04-22 21:37:18] Traceback (most recent call last):
  File "lifespan_handler.pyx", line 129, in cefpython_py37.LifespanHandler_OnBeforeClose
  File "/media/feodoritiy/HDD/SWAP/ФТИ/1курс/Программирование/Подъюбкин_Курсач_Флиртович/Коля_Передриенко/client/browser.py", line 97, in OnBeforeClose
    storage.connection_process.terminate()
AttributeError: 'NoneType' object has no attribute 'terminate'


[2021-04-22 21:38:29] Traceback (most recent call last):
  File "lifespan_handler.pyx", line 129, in cefpython_py37.LifespanHandler_OnBeforeClose
  File "/media/feodoritiy/HDD/SWAP/ФТИ/1курс/Программирование/Подъюбкин_Курсач_Флиртович/Коля_Передриенко/client/browser.py", line 97, in OnBeforeClose
    storage.connection_process.terminate()
AttributeError: 'NoneType' object has no attribute 'terminate'


[2021-04-22 21:39:36] Traceback (most recent call last):
  File "lifespan_handler.pyx", line 129, in cefpython_py37.LifespanHandler_OnBeforeClose
  File "/media/feodoritiy/HDD/SWAP/ФТИ/1курс/Программирование/Подъюбкин_Курсач_Флиртович/Коля_Передриенко/client/browser.py", line 97, in OnBeforeClose
    storage.connection_process.terminate()
AttributeError: 'NoneType' object has no attribute 'terminate'


[2021-04-22 21:44:43] Traceback (most recent call last):
  File "lifespan_handler.pyx", line 129, in cefpython_py37.LifespanHandler_OnBeforeClose
  File "/media/feodoritiy/HDD/SWAP/ФТИ/1курс/Программирование/Подъюбкин_Курсач_Флиртович/Коля_Передриенко/client/browser.py", line 97, in OnBeforeClose
    storage.connection_process.terminate()
AttributeError: 'NoneType' object has no attribute 'terminate'


[2021-04-22 21:46:31] Traceback (most recent call last):
  File "lifespan_handler.pyx", line 129, in cefpython_py37.LifespanHandler_OnBeforeClose
  File "/media/feodoritiy/HDD/SWAP/ФТИ/1курс/Программирование/Подъюбкин_Курсач_Флиртович/Коля_Передриенко/client/browser.py", line 97, in OnBeforeClose
    storage.connection_process.terminate()
AttributeError: 'NoneType' object has no attribute 'terminate'


[2021-04-22 21:50:56] Traceback (most recent call last):
  File "lifespan_handler.pyx", line 129, in cefpython_py37.LifespanHandler_OnBeforeClose
  File "/media/feodoritiy/HDD/SWAP/ФТИ/1курс/Программирование/Подъюбкин_Курсач_Флиртович/Коля_Передриенко/client/browser.py", line 97, in OnBeforeClose
    storage.connection_process.terminate()
AttributeError: 'NoneType' object has no attribute 'terminate'


[2021-04-22 21:51:43] Traceback (most recent call last):
  File "lifespan_handler.pyx", line 129, in cefpython_py37.LifespanHandler_OnBeforeClose
  File "/media/feodoritiy/HDD/SWAP/ФТИ/1курс/Программирование/Подъюбкин_Курсач_Флиртович/Коля_Передриенко/client/browser.py", line 97, in OnBeforeClose
    storage.connection_process.terminate()
AttributeError: 'NoneType' object has no attribute 'terminate'


[2021-04-22 21:52:51] Traceback (most recent call last):
  File "lifespan_handler.pyx", line 129, in cefpython_py37.LifespanHandler_OnBeforeClose
  File "/media/feodoritiy/HDD/SWAP/ФТИ/1курс/Программирование/Подъюбкин_Курсач_Флиртович/Коля_Передриенко/client/browser.py", line 97, in OnBeforeClose
    storage.connection_process.terminate()
AttributeError: 'NoneType' object has no attribute 'terminate'


[2021-04-22 21:53:30] Traceback (most recent call last):
  File "lifespan_handler.pyx", line 129, in cefpython_py37.LifespanHandler_OnBeforeClose
  File "/media/feodoritiy/HDD/SWAP/ФТИ/1курс/Программирование/Подъюбкин_Курсач_Флиртович/Коля_Передриенко/client/browser.py", line 97, in OnBeforeClose
    storage.connection_process.terminate()
AttributeError: 'NoneType' object has no attribute 'terminate'


[2021-04-22 21:54:30] Traceback (most recent call last):
  File "lifespan_handler.pyx", line 129, in cefpython_py37.LifespanHandler_OnBeforeClose
  File "/media/feodoritiy/HDD/SWAP/ФТИ/1курс/Программирование/Подъюбкин_Курсач_Флиртович/Коля_Передриенко/client/browser.py", line 97, in OnBeforeClose
    storage.connection_process.terminate()
AttributeError: 'NoneType' object has no attribute 'terminate'


[2021-04-22 22:27:40] Traceback (most recent call last):
  File "lifespan_handler.pyx", line 129, in cefpython_py37.LifespanHandler_OnBeforeClose
  File "/media/feodoritiy/HDD/SWAP/ФТИ/1курс/Программирование/Подъюбкин_Курсач_Флиртович/Коля_Передриенко/client/browser.py", line 97, in OnBeforeClose
    storage.connection_process.terminate()
AttributeError: 'NoneType' object has no attribute 'terminate'


[2021-04-22 22:28:39] Traceback (most recent call last):
  File "lifespan_handler.pyx", line 129, in cefpython_py37.LifespanHandler_OnBeforeClose
  File "/media/feodoritiy/HDD/SWAP/ФТИ/1курс/Программирование/Подъюбкин_Курсач_Флиртович/Коля_Передриенко/client/browser.py", line 97, in OnBeforeClose
    storage.connection_process.terminate()
AttributeError: 'NoneType' object has no attribute 'terminate'


[2021-04-22 22:29:39] Traceback (most recent call last):
  File "lifespan_handler.pyx", line 129, in cefpython_py37.LifespanHandler_OnBeforeClose
  File "/media/feodoritiy/HDD/SWAP/ФТИ/1курс/Программирование/Подъюбкин_Курсач_Флиртович/Коля_Передриенко/client/browser.py", line 97, in OnBeforeClose
    storage.connection_process.terminate()
AttributeError: 'NoneType' object has no attribute 'terminate'


[2021-04-22 22:30:01] Traceback (most recent call last):
  File "lifespan_handler.pyx", line 129, in cefpython_py37.LifespanHandler_OnBeforeClose
  File "/media/feodoritiy/HDD/SWAP/ФТИ/1курс/Программирование/Подъюбкин_Курсач_Флиртович/Коля_Передриенко/client/browser.py", line 97, in OnBeforeClose
    storage.connection_process.terminate()
AttributeError: 'NoneType' object has no attribute 'terminate'


[2021-04-22 22:31:34] Traceback (most recent call last):
  File "lifespan_handler.pyx", line 129, in cefpython_py37.LifespanHandler_OnBeforeClose
  File "/media/feodoritiy/HDD/SWAP/ФТИ/1курс/Программирование/Подъюбкин_Курсач_Флиртович/Коля_Передриенко/client/browser.py", line 97, in OnBeforeClose
    storage.connection_process.terminate()
AttributeError: 'NoneType' object has no attribute 'terminate'


[2021-04-22 22:35:43] Traceback (most recent call last):
  File "lifespan_handler.pyx", line 129, in cefpython_py37.LifespanHandler_OnBeforeClose
  File "/media/feodoritiy/HDD/SWAP/ФТИ/1курс/Программирование/Подъюбкин_Курсач_Флиртович/Коля_Передриенко/client/browser.py", line 97, in OnBeforeClose
    storage.connection_process.terminate()
AttributeError: 'NoneType' object has no attribute 'terminate'


[2021-04-22 22:38:46] Traceback (most recent call last):
  File "lifespan_handler.pyx", line 129, in cefpython_py37.LifespanHandler_OnBeforeClose
  File "/media/feodoritiy/HDD/SWAP/ФТИ/1курс/Программирование/Подъюбкин_Курсач_Флиртович/Коля_Передриенко/client/browser.py", line 97, in OnBeforeClose
    storage.connection_process.terminate()
AttributeError: 'NoneType' object has no attribute 'terminate'


[2021-04-23 00:22:28] Traceback (most recent call last):
  File "lifespan_handler.pyx", line 129, in cefpython_py37.LifespanHandler_OnBeforeClose
  File "/media/feodoritiy/HDD/SWAP/ФТИ/1курс/Программирование/Подъюбкин_Курсач_Флиртович/Коля_Передриенко/client/browser.py", line 97, in OnBeforeClose
    storage.connection_process.terminate()
AttributeError: 'NoneType' object has no attribute 'terminate'


[2021-04-23 02:12:04] Traceback (most recent call last):
  File "lifespan_handler.pyx", line 129, in cefpython_py37.LifespanHandler_OnBeforeClose
  File "/media/feodoritiy/HDD/SWAP/ФТИ/1курс/Программирование/Подъюбкин_Курсач_Флиртович/Коля_Передриенко/client/browser.py", line 97, in OnBeforeClose
    storage.connection_process.terminate()
AttributeError: 'NoneType' object has no attribute 'terminate'


[2021-04-23 02:14:17] Traceback (most recent call last):
  File "lifespan_handler.pyx", line 129, in cefpython_py37.LifespanHandler_OnBeforeClose
  File "/media/feodoritiy/HDD/SWAP/ФТИ/1курс/Программирование/Подъюбкин_Курсач_Флиртович/Коля_Передриенко/client/browser.py", line 97, in OnBeforeClose
    storage.connection_process.terminate()
AttributeError: 'NoneType' object has no attribute 'terminate'


[2021-04-23 02:14:42] Traceback (most recent call last):
  File "lifespan_handler.pyx", line 129, in cefpython_py37.LifespanHandler_OnBeforeClose
  File "/media/feodoritiy/HDD/SWAP/ФТИ/1курс/Программирование/Подъюбкин_Курсач_Флиртович/Коля_Передриенко/client/browser.py", line 97, in OnBeforeClose
    storage.connection_process.terminate()
AttributeError: 'NoneType' object has no attribute 'terminate'


[2021-04-23 02:16:17] Traceback (most recent call last):
  File "lifespan_handler.pyx", line 129, in cefpython_py37.LifespanHandler_OnBeforeClose
  File "/media/feodoritiy/HDD/SWAP/ФТИ/1курс/Программирование/Подъюбкин_Курсач_Флиртович/Коля_Передриенко/client/browser.py", line 97, in OnBeforeClose
    storage.connection_process.terminate()
AttributeError: 'NoneType' object has no attribute 'terminate'


[2021-04-23 02:24:25] Traceback (most recent call last):
  File "v8function_handler.pyx", line 48, in cefpython_py37.V8FunctionHandler_Execute
  File "/media/feodoritiy/HDD/SWAP/ФТИ/1курс/Программирование/Подъюбкин_Курсач_Флиртович/Коля_Передриенко/client/logic/leaders.py", line 5, in get_leaders
    callback.Call(res['rating'])
TypeError: 'Response' object is not subscriptable


[2021-04-23 02:25:44] Traceback (most recent call last):
  File "v8function_handler.pyx", line 48, in cefpython_py37.V8FunctionHandler_Execute
  File "/media/feodoritiy/HDD/SWAP/ФТИ/1курс/Программирование/Подъюбкин_Курсач_Флиртович/Коля_Передриенко/client/logic/leaders.py", line 5, in get_leaders
    callback.Call(res['rating'])
TypeError: 'Response' object is not subscriptable


[2021-04-23 02:29:24] Traceback (most recent call last):
  File "v8function_handler.pyx", line 48, in cefpython_py37.V8FunctionHandler_Execute
  File "/media/feodoritiy/HDD/SWAP/ФТИ/1курс/Программирование/Подъюбкин_Курсач_Флиртович/Коля_Передриенко/client/logic/leaders.py", line 5, in get_leaders
    callback.Call(res['rating'])
TypeError: 'Response' object is not subscriptable


[2021-04-23 02:36:16] Traceback (most recent call last):
  File "lifespan_handler.pyx", line 129, in cefpython_py37.LifespanHandler_OnBeforeClose
  File "/media/feodoritiy/HDD/SWAP/ФТИ/1курс/Программирование/Подъюбкин_Курсач_Флиртович/Коля_Передриенко/client/browser.py", line 97, in OnBeforeClose
    storage.connection_process.terminate()
AttributeError: 'NoneType' object has no attribute 'terminate'


[2021-04-23 02:37:14] Traceback (most recent call last):
  File "lifespan_handler.pyx", line 129, in cefpython_py37.LifespanHandler_OnBeforeClose
  File "/media/feodoritiy/HDD/SWAP/ФТИ/1курс/Программирование/Подъюбкин_Курсач_Флиртович/Коля_Передриенко/client/browser.py", line 97, in OnBeforeClose
    storage.connection_process.terminate()
AttributeError: 'NoneType' object has no attribute 'terminate'


[2021-04-23 02:56:11] Traceback (most recent call last):
  File "lifespan_handler.pyx", line 129, in cefpython_py37.LifespanHandler_OnBeforeClose
  File "/media/feodoritiy/HDD/SWAP/ФТИ/1курс/Программирование/Подъюбкин_Курсач_Флиртович/Коля_Передриенко/client/browser.py", line 97, in OnBeforeClose
    storage.connection_process.terminate()
AttributeError: 'NoneType' object has no attribute 'terminate'


[2021-04-23 03:00:58] Traceback (most recent call last):
  File "lifespan_handler.pyx", line 129, in cefpython_py37.LifespanHandler_OnBeforeClose
  File "/media/feodoritiy/HDD/SWAP/ФТИ/1курс/Программирование/Подъюбкин_Курсач_Флиртович/Коля_Передриенко/client/browser.py", line 97, in OnBeforeClose
    storage.connection_process.terminate()
AttributeError: 'NoneType' object has no attribute 'terminate'


[2021-04-23 03:01:48] Traceback (most recent call last):
  File "lifespan_handler.pyx", line 129, in cefpython_py37.LifespanHandler_OnBeforeClose
  File "/media/feodoritiy/HDD/SWAP/ФТИ/1курс/Программирование/Подъюбкин_Курсач_Флиртович/Коля_Передриенко/client/browser.py", line 97, in OnBeforeClose
    storage.connection_process.terminate()
AttributeError: 'NoneType' object has no attribute 'terminate'


[2021-04-23 03:05:30] Traceback (most recent call last):
  File "lifespan_handler.pyx", line 129, in cefpython_py37.LifespanHandler_OnBeforeClose
  File "/media/feodoritiy/HDD/SWAP/ФТИ/1курс/Программирование/Подъюбкин_Курсач_Флиртович/Коля_Передриенко/client/browser.py", line 97, in OnBeforeClose
    storage.connection_process.terminate()
AttributeError: 'NoneType' object has no attribute 'terminate'


[2021-04-23 03:12:54] Traceback (most recent call last):
  File "lifespan_handler.pyx", line 129, in cefpython_py37.LifespanHandler_OnBeforeClose
  File "/media/feodoritiy/HDD/SWAP/ФТИ/1курс/Программирование/Подъюбкин_Курсач_Флиртович/Коля_Передриенко/client/browser.py", line 97, in OnBeforeClose
    storage.connection_process.terminate()
AttributeError: 'NoneType' object has no attribute 'terminate'


[2021-04-23 03:15:09] Traceback (most recent call last):
  File "lifespan_handler.pyx", line 129, in cefpython_py37.LifespanHandler_OnBeforeClose
  File "/media/feodoritiy/HDD/SWAP/ФТИ/1курс/Программирование/Подъюбкин_Курсач_Флиртович/Коля_Передриенко/client/browser.py", line 97, in OnBeforeClose
    storage.connection_process.terminate()
AttributeError: 'NoneType' object has no attribute 'terminate'


[2021-04-23 03:16:23] Traceback (most recent call last):
  File "lifespan_handler.pyx", line 129, in cefpython_py37.LifespanHandler_OnBeforeClose
  File "/media/feodoritiy/HDD/SWAP/ФТИ/1курс/Программирование/Подъюбкин_Курсач_Флиртович/Коля_Передриенко/client/browser.py", line 97, in OnBeforeClose
    storage.connection_process.terminate()
AttributeError: 'NoneType' object has no attribute 'terminate'


[2021-04-23 03:33:05] Traceback (most recent call last):
  File "lifespan_handler.pyx", line 129, in cefpython_py37.LifespanHandler_OnBeforeClose
  File "/media/feodoritiy/HDD/SWAP/ФТИ/1курс/Программирование/Подъюбкин_Курсач_Флиртович/Коля_Передриенко/client/browser.py", line 97, in OnBeforeClose
    storage.connection_process.terminate()
AttributeError: 'NoneType' object has no attribute 'terminate'


[2021-04-23 03:36:56] Traceback (most recent call last):
  File "lifespan_handler.pyx", line 129, in cefpython_py37.LifespanHandler_OnBeforeClose
  File "/media/feodoritiy/HDD/SWAP/ФТИ/1курс/Программирование/Подъюбкин_Курсач_Флиртович/Коля_Передриенко/client/browser.py", line 97, in OnBeforeClose
    storage.connection_process.terminate()
AttributeError: 'NoneType' object has no attribute 'terminate'


[2021-04-23 05:06:58] Traceback (most recent call last):
  File "v8function_handler.pyx", line 48, in cefpython_py37.V8FunctionHandler_Execute
  File "/media/feodoritiy/HDD/SWAP/ФТИ/1курс/Программирование/Подъюбкин_Курсач_Флиртович/Коля_Передриенко/client/logic/multiplayer.py", line 4, in create_multiplayer
    res = storage.load('create-game')
TypeError: load() missing 1 required positional argument: 'data'


[2021-04-23 05:07:37] Traceback (most recent call last):
  File "/usr/lib/python3/dist-packages/requests/models.py", line 379, in prepare_url
    scheme, auth, host, port, path, query, fragment = parse_url(url)
  File "/usr/lib/python3/dist-packages/urllib3/util/url.py", line 392, in parse_url
    return six.raise_from(LocationParseError(source_url), None)
  File "<string>", line 3, in raise_from
urllib3.exceptions.LocationParseError: Failed to parse: http://127.0.0.1:1234create-game

During handling of the above exception, another exception occurred:

Traceback (most recent call last):
  File "v8function_handler.pyx", line 48, in cefpython_py37.V8FunctionHandler_Execute
  File "/media/feodoritiy/HDD/SWAP/ФТИ/1курс/Программирование/Подъюбкин_Курсач_Флиртович/Коля_Передриенко/client/logic/multiplayer.py", line 4, in create_multiplayer
    res = storage.load('create-game', {})
  File "/media/feodoritiy/HDD/SWAP/ФТИ/1курс/Программирование/Подъюбкин_Курсач_Флиртович/Коля_Передриенко/client/storage.py", line 35, in load
    res = requests.post(f'{SERVER}{path}', data)
  File "/usr/lib/python3/dist-packages/requests/api.py", line 116, in post
    return request('post', url, data=data, json=json, **kwargs)
  File "/usr/lib/python3/dist-packages/requests/api.py", line 60, in request
    return session.request(method=method, url=url, **kwargs)
  File "/usr/lib/python3/dist-packages/requests/sessions.py", line 519, in request
    prep = self.prepare_request(req)
  File "/usr/lib/python3/dist-packages/requests/sessions.py", line 462, in prepare_request
    hooks=merge_hooks(request.hooks, self.hooks),
  File "/usr/lib/python3/dist-packages/requests/models.py", line 313, in prepare
    self.prepare_url(url, params)
  File "/usr/lib/python3/dist-packages/requests/models.py", line 381, in prepare_url
    raise InvalidURL(*e.args)
requests.exceptions.InvalidURL: Failed to parse: http://127.0.0.1:1234create-game


[2021-04-23 05:08:25] Traceback (most recent call last):
  File "v8function_handler.pyx", line 48, in cefpython_py37.V8FunctionHandler_Execute
  File "/media/feodoritiy/HDD/SWAP/ФТИ/1курс/Программирование/Подъюбкин_Курсач_Флиртович/Коля_Передриенко/client/logic/multiplayer.py", line 5, in create_multiplayer
    if res['status'] == 'OK':
TypeError: 'Response' object is not subscriptable


[2021-04-23 05:10:42] Traceback (most recent call last):
  File "v8function_handler.pyx", line 48, in cefpython_py37.V8FunctionHandler_Execute
  File "/media/feodoritiy/HDD/SWAP/ФТИ/1курс/Программирование/Подъюбкин_Курсач_Флиртович/Коля_Передриенко/client/logic/multiplayer.py", line 5, in create_multiplayer
    if res['status'] == 'OK':
TypeError: 'Response' object is not subscriptable


[2021-04-23 05:13:22] Traceback (most recent call last):
  File "v8function_handler.pyx", line 48, in cefpython_py37.V8FunctionHandler_Execute
  File "/media/feodoritiy/HDD/SWAP/ФТИ/1курс/Программирование/Подъюбкин_Курсач_Флиртович/Коля_Передриенко/client/logic/multiplayer.py", line 5, in create_multiplayer
    if res['status'] == 'OK':
TypeError: 'Response' object is not subscriptable


[2021-04-23 05:31:07] Traceback (most recent call last):
  File "v8function_handler.pyx", line 48, in cefpython_py37.V8FunctionHandler_Execute
  File "/media/feodoritiy/HDD/SWAP/ФТИ/1курс/Программирование/Подъюбкин_Курсач_Флиртович/Коля_Передриенко/client/logic/login.py", line 16, in login
    callback.Call(res)
  File "javascript_callback.pyx", line 33, in cefpython_py37.JavascriptCallback.Call
  File "browser.pyx", line 771, in cefpython_py37.PyBrowser.SendProcessMessage
  File "process_message_utils.pyx", line 320, in cefpython_py37.PyListToExistingCefListValue
  File "process_message_utils.pyx", line 361, in cefpython_py37.PyDictToCefDictionaryValue
OverflowError: value too large to convert to int


[2021-04-23 06:08:43] Traceback (most recent call last):
  File "lifespan_handler.pyx", line 129, in cefpython_py37.LifespanHandler_OnBeforeClose
  File "/media/feodoritiy/HDD/SWAP/ФТИ/1курс/Программирование/Подъюбкин_Курсач_Флиртович/Коля_Передриенко/client/browser.py", line 97, in OnBeforeClose
    storage.connection_process.terminate()
AttributeError: 'NoneType' object has no attribute 'terminate'


[2021-04-23 06:44:11] Traceback (most recent call last):
  File "lifespan_handler.pyx", line 129, in cefpython_py37.LifespanHandler_OnBeforeClose
  File "/media/feodoritiy/HDD/SWAP/ФТИ/1курс/Программирование/Подъюбкин_Курсач_Флиртович/Коля_Передриенко/client/browser.py", line 97, in OnBeforeClose
    storage.connection_process.terminate()
AttributeError: 'NoneType' object has no attribute 'terminate'


[2021-04-28 10:11:45] Traceback (most recent call last):
  File "lifespan_handler.pyx", line 129, in cefpython_py37.LifespanHandler_OnBeforeClose
  File "D:\SWAP\ФТИ\1курс\Программирование\Подъюбкин_Курсач_Флиртович\Коля_Передриенко/client\browser.py", line 97, in OnBeforeClose
    storage.connection_process.terminate()
AttributeError: 'NoneType' object has no attribute 'terminate'


[2021-04-30 10:44:20] Traceback (most recent call last):
  File "v8function_handler.pyx", line 48, in cefpython_py37.V8FunctionHandler_Execute
  File "D:\SWAP\ФТИ\1курс\Программирование\Подъюбкин_Курсач_Флиртович\Коля_Передриенко/client\logic\game.py", line 9, in select_word
    if res['status'] == 'OK':
TypeError: 'Response' object is not subscriptable


[2021-04-30 10:52:12] Traceback (most recent call last):
  File "v8function_handler.pyx", line 48, in cefpython_py37.V8FunctionHandler_Execute
  File "D:\SWAP\ФТИ\1курс\Программирование\Подъюбкин_Курсач_Флиртович\Коля_Передриенко/client\logic\game.py", line 9, in select_word
    if res['status'] == 'OK':
TypeError: 'Response' object is not subscriptable


[2021-04-30 10:55:37] Traceback (most recent call last):
  File "C:\Program Files\Python37\lib\site-packages\urllib3\connectionpool.py", line 706, in urlopen
    chunked=chunked,
  File "C:\Program Files\Python37\lib\site-packages\urllib3\connectionpool.py", line 445, in _make_request
    six.raise_from(e, None)
  File "<string>", line 3, in raise_from
  File "C:\Program Files\Python37\lib\site-packages\urllib3\connectionpool.py", line 440, in _make_request
    httplib_response = conn.getresponse()
  File "C:\Program Files\Python37\lib\http\client.py", line 1369, in getresponse
    response.begin()
  File "C:\Program Files\Python37\lib\http\client.py", line 310, in begin
    version, status, reason = self._read_status()
  File "C:\Program Files\Python37\lib\http\client.py", line 279, in _read_status
    raise RemoteDisconnected("Remote end closed connection without"
http.client.RemoteDisconnected: Remote end closed connection without response

During handling of the above exception, another exception occurred:

Traceback (most recent call last):
  File "C:\Program Files\Python37\lib\site-packages\requests\adapters.py", line 449, in send
    timeout=timeout
  File "C:\Program Files\Python37\lib\site-packages\urllib3\connectionpool.py", line 756, in urlopen
    method, url, error=e, _pool=self, _stacktrace=sys.exc_info()[2]
  File "C:\Program Files\Python37\lib\site-packages\urllib3\util\retry.py", line 532, in increment
    raise six.reraise(type(error), error, _stacktrace)
  File "C:\Program Files\Python37\lib\site-packages\urllib3\packages\six.py", line 734, in reraise
    raise value.with_traceback(tb)
  File "C:\Program Files\Python37\lib\site-packages\urllib3\connectionpool.py", line 706, in urlopen
    chunked=chunked,
  File "C:\Program Files\Python37\lib\site-packages\urllib3\connectionpool.py", line 445, in _make_request
    six.raise_from(e, None)
  File "<string>", line 3, in raise_from
  File "C:\Program Files\Python37\lib\site-packages\urllib3\connectionpool.py", line 440, in _make_request
    httplib_response = conn.getresponse()
  File "C:\Program Files\Python37\lib\http\client.py", line 1369, in getresponse
    response.begin()
  File "C:\Program Files\Python37\lib\http\client.py", line 310, in begin
    version, status, reason = self._read_status()
  File "C:\Program Files\Python37\lib\http\client.py", line 279, in _read_status
    raise RemoteDisconnected("Remote end closed connection without"
urllib3.exceptions.ProtocolError: ('Connection aborted.', RemoteDisconnected('Remote end closed connection without response'))

During handling of the above exception, another exception occurred:

Traceback (most recent call last):
  File "v8function_handler.pyx", line 48, in cefpython_py37.V8FunctionHandler_Execute
  File "D:\SWAP\ФТИ\1курс\Программирование\Подъюбкин_Курсач_Флиртович\Коля_Передриенко/client\logic\game.py", line 6, in select_word
    'category': storage.category,
  File "D:\SWAP\ФТИ\1курс\Программирование\Подъюбкин_Курсач_Флиртович\Коля_Передриенко/client\storage.py", line 40, in load
    res = requests.post(f'{SERVER}{path}', data)
  File "C:\Program Files\Python37\lib\site-packages\requests\api.py", line 119, in post
    return request('post', url, data=data, json=json, **kwargs)
  File "C:\Program Files\Python37\lib\site-packages\requests\api.py", line 61, in request
    return session.request(method=method, url=url, **kwargs)
  File "C:\Program Files\Python37\lib\site-packages\requests\sessions.py", line 542, in request
    resp = self.send(prep, **send_kwargs)
  File "C:\Program Files\Python37\lib\site-packages\requests\sessions.py", line 655, in send
    r = adapter.send(request, **kwargs)
  File "C:\Program Files\Python37\lib\site-packages\requests\adapters.py", line 498, in send
    raise ConnectionError(err, request=request)
requests.exceptions.ConnectionError: ('Connection aborted.', RemoteDisconnected('Remote end closed connection without response'))


[2021-04-30 10:59:25] Traceback (most recent call last):
  File "lifespan_handler.pyx", line 129, in cefpython_py37.LifespanHandler_OnBeforeClose
  File "D:\SWAP\ФТИ\1курс\Программирование\Подъюбкин_Курсач_Флиртович\Коля_Передриенко/client\browser.py", line 97, in OnBeforeClose
    storage.connection_process.terminate()
AttributeError: 'NoneType' object has no attribute 'terminate'


[2021-05-15 21:17:37] Traceback (most recent call last):
  File "v8function_handler.pyx", line 48, in cefpython_py37.V8FunctionHandler_Execute
  File "D:\SWAP\ФТИ\1курс\Программирование\Подъюбкин_Курсач_Флиртович\Коля_Передриенко/client\logic\multiplayer.py", line 20, in connect_multiplayer
    if res['status'] == 'OK':
TypeError: 'Response' object is not subscriptable


[2021-05-15 21:20:07] Traceback (most recent call last):
  File "v8function_handler.pyx", line 48, in cefpython_py37.V8FunctionHandler_Execute
  File "D:\SWAP\ФТИ\1курс\Программирование\Подъюбкин_Курсач_Флиртович\Коля_Передриенко/client\logic\multiplayer.py", line 20, in connect_multiplayer
    'gid': storage.gid,
AttributeError: module 'storage' has no attribute 'gid'


[2021-05-15 21:21:23] Traceback (most recent call last):
  File "v8function_handler.pyx", line 48, in cefpython_py37.V8FunctionHandler_Execute
  File "D:\SWAP\ФТИ\1курс\Программирование\Подъюбкин_Курсач_Флиртович\Коля_Передриенко/client\logic\multiplayer.py", line 22, in connect_multiplayer
    if res['status'] == 'OK':
TypeError: 'Response' object is not subscriptable


[2021-05-15 21:43:24] Traceback (most recent call last):
  File "lifespan_handler.pyx", line 129, in cefpython_py37.LifespanHandler_OnBeforeClose
  File "D:\SWAP\ФТИ\1курс\Программирование\Подъюбкин_Курсач_Флиртович\Коля_Передриенко/client\browser.py", line 97, in OnBeforeClose
    storage.connection_process.terminate()
AttributeError: 'NoneType' object has no attribute 'terminate'


[2021-05-15 22:35:39] Traceback (most recent call last):
  File "C:\Program Files\Python37\lib\site-packages\urllib3\connection.py", line 170, in _new_conn
    (self._dns_host, self.port), self.timeout, **extra_kw
  File "C:\Program Files\Python37\lib\site-packages\urllib3\util\connection.py", line 96, in create_connection
    raise err
  File "C:\Program Files\Python37\lib\site-packages\urllib3\util\connection.py", line 86, in create_connection
    sock.connect(sa)
ConnectionRefusedError: [WinError 10061] No connection could be made because the target machine actively refused it

During handling of the above exception, another exception occurred:

Traceback (most recent call last):
  File "C:\Program Files\Python37\lib\site-packages\urllib3\connectionpool.py", line 706, in urlopen
    chunked=chunked,
  File "C:\Program Files\Python37\lib\site-packages\urllib3\connectionpool.py", line 394, in _make_request
    conn.request(method, url, **httplib_request_kw)
  File "C:\Program Files\Python37\lib\site-packages\urllib3\connection.py", line 234, in request
    super(HTTPConnection, self).request(method, url, body=body, headers=headers)
  File "C:\Program Files\Python37\lib\http\client.py", line 1277, in request
    self._send_request(method, url, body, headers, encode_chunked)
  File "C:\Program Files\Python37\lib\http\client.py", line 1323, in _send_request
    self.endheaders(body, encode_chunked=encode_chunked)
  File "C:\Program Files\Python37\lib\http\client.py", line 1272, in endheaders
    self._send_output(message_body, encode_chunked=encode_chunked)
  File "C:\Program Files\Python37\lib\http\client.py", line 1032, in _send_output
    self.send(msg)
  File "C:\Program Files\Python37\lib\http\client.py", line 972, in send
    self.connect()
  File "C:\Program Files\Python37\lib\site-packages\urllib3\connection.py", line 200, in connect
    conn = self._new_conn()
  File "C:\Program Files\Python37\lib\site-packages\urllib3\connection.py", line 182, in _new_conn
    self, "Failed to establish a new connection: %s" % e
urllib3.exceptions.NewConnectionError: <urllib3.connection.HTTPConnection object at 0x0000000005C6A908>: Failed to establish a new connection: [WinError 10061] No connection could be made because the target machine actively refused it

During handling of the above exception, another exception occurred:

Traceback (most recent call last):
  File "C:\Program Files\Python37\lib\site-packages\requests\adapters.py", line 449, in send
    timeout=timeout
  File "C:\Program Files\Python37\lib\site-packages\urllib3\connectionpool.py", line 756, in urlopen
    method, url, error=e, _pool=self, _stacktrace=sys.exc_info()[2]
  File "C:\Program Files\Python37\lib\site-packages\urllib3\util\retry.py", line 574, in increment
    raise MaxRetryError(_pool, url, error or ResponseError(cause))
urllib3.exceptions.MaxRetryError: HTTPConnectionPool(host='127.0.0.1', port=1234): Max retries exceeded with url: /login (Caused by NewConnectionError('<urllib3.connection.HTTPConnection object at 0x0000000005C6A908>: Failed to establish a new connection: [WinError 10061] No connection could be made because the target machine actively refused it'))

During handling of the above exception, another exception occurred:

Traceback (most recent call last):
  File "v8function_handler.pyx", line 48, in cefpython_py37.V8FunctionHandler_Execute
  File "D:\SWAP\ФТИ\1курс\Программирование\Подъюбкин_Курсач_Флиртович\Коля_Передриенко/client\logic\login.py", line 10, in login
    'type': storage.login_type,
  File "D:\SWAP\ФТИ\1курс\Программирование\Подъюбкин_Курсач_Флиртович\Коля_Передриенко/client\storage.py", line 41, in load
    res = requests.post(f'{SERVER}{path}', data)
  File "C:\Program Files\Python37\lib\site-packages\requests\api.py", line 119, in post
    return request('post', url, data=data, json=json, **kwargs)
  File "C:\Program Files\Python37\lib\site-packages\requests\api.py", line 61, in request
    return session.request(method=method, url=url, **kwargs)
  File "C:\Program Files\Python37\lib\site-packages\requests\sessions.py", line 542, in request
    resp = self.send(prep, **send_kwargs)
  File "C:\Program Files\Python37\lib\site-packages\requests\sessions.py", line 655, in send
    r = adapter.send(request, **kwargs)
  File "C:\Program Files\Python37\lib\site-packages\requests\adapters.py", line 516, in send
    raise ConnectionError(e, request=request)
requests.exceptions.ConnectionError: HTTPConnectionPool(host='127.0.0.1', port=1234): Max retries exceeded with url: /login (Caused by NewConnectionError('<urllib3.connection.HTTPConnection object at 0x0000000005C6A908>: Failed to establish a new connection: [WinError 10061] No connection could be made because the target machine actively refused it'))


[2021-05-15 23:18:33] Traceback (most recent call last):
  File "v8function_handler.pyx", line 48, in cefpython_py37.V8FunctionHandler_Execute
  File "D:\SWAP\ФТИ\1курс\Программирование\Подъюбкин_Курсач_Флиртович\Коля_Передриенко/client\logic\game.py", line 38, in get_word_data
    callback.Call(storage.word, storage.description)
AttributeError: module 'storage' has no attribute 'word'


[2021-05-15 23:29:17] Traceback (most recent call last):
  File "v8function_handler.pyx", line 48, in cefpython_py37.V8FunctionHandler_Execute
  File "D:\SWAP\ФТИ\1курс\Программирование\Подъюбкин_Курсач_Флиртович\Коля_Передриенко/client\logic\game.py", line 44, in get_category
    callback.Call(storage.category)
AttributeError: module 'storage' has no attribute 'category'


[2021-05-15 23:31:52] Traceback (most recent call last):
  File "C:\Program Files\Python37\lib\site-packages\urllib3\connection.py", line 170, in _new_conn
    (self._dns_host, self.port), self.timeout, **extra_kw
  File "C:\Program Files\Python37\lib\site-packages\urllib3\util\connection.py", line 96, in create_connection
    raise err
  File "C:\Program Files\Python37\lib\site-packages\urllib3\util\connection.py", line 86, in create_connection
    sock.connect(sa)
ConnectionRefusedError: [WinError 10061] No connection could be made because the target machine actively refused it

During handling of the above exception, another exception occurred:

Traceback (most recent call last):
  File "C:\Program Files\Python37\lib\site-packages\urllib3\connectionpool.py", line 706, in urlopen
    chunked=chunked,
  File "C:\Program Files\Python37\lib\site-packages\urllib3\connectionpool.py", line 394, in _make_request
    conn.request(method, url, **httplib_request_kw)
  File "C:\Program Files\Python37\lib\site-packages\urllib3\connection.py", line 234, in request
    super(HTTPConnection, self).request(method, url, body=body, headers=headers)
  File "C:\Program Files\Python37\lib\http\client.py", line 1277, in request
    self._send_request(method, url, body, headers, encode_chunked)
  File "C:\Program Files\Python37\lib\http\client.py", line 1323, in _send_request
    self.endheaders(body, encode_chunked=encode_chunked)
  File "C:\Program Files\Python37\lib\http\client.py", line 1272, in endheaders
    self._send_output(message_body, encode_chunked=encode_chunked)
  File "C:\Program Files\Python37\lib\http\client.py", line 1032, in _send_output
    self.send(msg)
  File "C:\Program Files\Python37\lib\http\client.py", line 972, in send
    self.connect()
  File "C:\Program Files\Python37\lib\site-packages\urllib3\connection.py", line 200, in connect
    conn = self._new_conn()
  File "C:\Program Files\Python37\lib\site-packages\urllib3\connection.py", line 182, in _new_conn
    self, "Failed to establish a new connection: %s" % e
urllib3.exceptions.NewConnectionError: <urllib3.connection.HTTPConnection object at 0x00000000081AD148>: Failed to establish a new connection: [WinError 10061] No connection could be made because the target machine actively refused it

During handling of the above exception, another exception occurred:

Traceback (most recent call last):
  File "C:\Program Files\Python37\lib\site-packages\requests\adapters.py", line 449, in send
    timeout=timeout
  File "C:\Program Files\Python37\lib\site-packages\urllib3\connectionpool.py", line 756, in urlopen
    method, url, error=e, _pool=self, _stacktrace=sys.exc_info()[2]
  File "C:\Program Files\Python37\lib\site-packages\urllib3\util\retry.py", line 574, in increment
    raise MaxRetryError(_pool, url, error or ResponseError(cause))
urllib3.exceptions.MaxRetryError: HTTPConnectionPool(host='127.0.0.1', port=1234): Max retries exceeded with url: /login (Caused by NewConnectionError('<urllib3.connection.HTTPConnection object at 0x00000000081AD148>: Failed to establish a new connection: [WinError 10061] No connection could be made because the target machine actively refused it'))

During handling of the above exception, another exception occurred:

Traceback (most recent call last):
  File "v8function_handler.pyx", line 48, in cefpython_py37.V8FunctionHandler_Execute
  File "D:\SWAP\ФТИ\1курс\Программирование\Подъюбкин_Курсач_Флиртович\Коля_Передриенко/client\logic\login.py", line 10, in login
    'type': storage.login_type,
  File "D:\SWAP\ФТИ\1курс\Программирование\Подъюбкин_Курсач_Флиртович\Коля_Передриенко/client\storage.py", line 48, in load
    res = requests.post(f'{SERVER}{path}', data)
  File "C:\Program Files\Python37\lib\site-packages\requests\api.py", line 119, in post
    return request('post', url, data=data, json=json, **kwargs)
  File "C:\Program Files\Python37\lib\site-packages\requests\api.py", line 61, in request
    return session.request(method=method, url=url, **kwargs)
  File "C:\Program Files\Python37\lib\site-packages\requests\sessions.py", line 542, in request
    resp = self.send(prep, **send_kwargs)
  File "C:\Program Files\Python37\lib\site-packages\requests\sessions.py", line 655, in send
    r = adapter.send(request, **kwargs)
  File "C:\Program Files\Python37\lib\site-packages\requests\adapters.py", line 516, in send
    raise ConnectionError(e, request=request)
requests.exceptions.ConnectionError: HTTPConnectionPool(host='127.0.0.1', port=1234): Max retries exceeded with url: /login (Caused by NewConnectionError('<urllib3.connection.HTTPConnection object at 0x00000000081AD148>: Failed to establish a new connection: [WinError 10061] No connection could be made because the target machine actively refused it'))


[2021-05-15 23:55:01] Traceback (most recent call last):
  File "v8function_handler.pyx", line 48, in cefpython_py37.V8FunctionHandler_Execute
TypeError: send_letter() takes 1 positional argument but 2 were given

